<?xml version="1.0" encoding="UTF-8"?>
<!-- Generated by org.testng.reporters.JUnitReportReporter -->
<testsuite hostname="BOOK-7F4GKOFG5N" failures="0" tests="3" name="Tests.LoginTest" time="29.280" errors="0" timestamp="2026-06-11T17:43:13 IST" skipped="0">
  <testcase classname="Tests.LoginTest" name="loginValidation" time="5.373"/>
  <testcase classname="Tests.LoginTest" name="loginValidation" time="20.124"/>
  <testcase classname="Tests.LoginTest" name="loginValidation" time="3.783"/>
</testsuite> <!-- Tests.LoginTest -->
