<?xml version="1.0" encoding="UTF-8"?>
<!-- Generated by org.testng.reporters.JUnitXMLReporter -->
<testsuite ignored="0" hostname="BOOK-7F4GKOFG5N" failures="0" tests="4" name="LoginTests" time="35.694" errors="0" timestamp="2026-06-11T17:43:13 IST">
  <testcase classname="Tests.LoginTest" name="loginValidation" time="3.048"/>
  <testcase classname="Tests.LoginTest" name="loginValidation" time="1.262"/>
  <testcase classname="Tests.LoginTest" name="loginValidation" time="3.226"/>
  <testcase classname="Tests.LogoutTest" name="logoutValidation" time="1.842"/>
</testsuite> <!-- LoginTests -->
